mode: set
github.com/albrow/go-data-parser/data.go:35.22,40.2 1 1
github.com/albrow/go-data-parser/data.go:46.46,49.58 3 1
github.com/albrow/go-data-parser/data.go:77.2,77.41 1 1
github.com/albrow/go-data-parser/data.go:82.2,82.18 1 1
github.com/albrow/go-data-parser/data.go:49.58,50.54 1 1
github.com/albrow/go-data-parser/data.go:53.3,53.50 1 1
github.com/albrow/go-data-parser/data.go:58.3,58.50 1 1
github.com/albrow/go-data-parser/data.go:50.54,52.4 1 0
github.com/albrow/go-data-parser/data.go:53.50,54.29 1 1
github.com/albrow/go-data-parser/data.go:54.29,56.5 1 1
github.com/albrow/go-data-parser/data.go:58.50,59.23 1 1
github.com/albrow/go-data-parser/data.go:59.23,61.5 1 1
github.com/albrow/go-data-parser/data.go:63.3,63.61 1 1
github.com/albrow/go-data-parser/data.go:63.61,64.41 1 1
github.com/albrow/go-data-parser/data.go:67.3,67.39 1 1
github.com/albrow/go-data-parser/data.go:64.41,66.4 1 0
github.com/albrow/go-data-parser/data.go:67.39,68.29 1 1
github.com/albrow/go-data-parser/data.go:68.29,70.5 1 1
github.com/albrow/go-data-parser/data.go:72.3,72.62 1 1
github.com/albrow/go-data-parser/data.go:72.62,73.53 1 1
github.com/albrow/go-data-parser/data.go:73.53,75.4 1 0
github.com/albrow/go-data-parser/data.go:77.41,78.28 1 0
github.com/albrow/go-data-parser/data.go:78.28,80.4 1 0
github.com/albrow/go-data-parser/data.go:87.47,89.28 2 1
github.com/albrow/go-data-parser/data.go:92.2,92.13 1 1
github.com/albrow/go-data-parser/data.go:89.28,91.3 1 1
github.com/albrow/go-data-parser/data.go:95.60,97.16 2 1
github.com/albrow/go-data-parser/data.go:100.2,100.20 1 1
github.com/albrow/go-data-parser/data.go:104.2,105.55 2 1
github.com/albrow/go-data-parser/data.go:111.2,111.32 1 1
github.com/albrow/go-data-parser/data.go:127.2,127.12 1 1
github.com/albrow/go-data-parser/data.go:97.16,99.3 1 0
github.com/albrow/go-data-parser/data.go:100.20,103.3 1 0
github.com/albrow/go-data-parser/data.go:105.55,107.3 1 0
github.com/albrow/go-data-parser/data.go:111.32,112.21 1 1
github.com/albrow/go-data-parser/data.go:113.3,114.36 1 1
github.com/albrow/go-data-parser/data.go:115.3,116.23 1 1
github.com/albrow/go-data-parser/data.go:117.3,121.18 2 1
github.com/albrow/go-data-parser/data.go:124.4,124.36 1 1
github.com/albrow/go-data-parser/data.go:121.18,123.5 1 0
github.com/albrow/go-data-parser/data.go:131.46,133.2 1 1
github.com/albrow/go-data-parser/data.go:136.64,138.2 1 1
github.com/albrow/go-data-parser/data.go:141.32,143.2 1 0
github.com/albrow/go-data-parser/data.go:147.36,149.2 1 0
github.com/albrow/go-data-parser/data.go:154.32,156.2 1 0
github.com/albrow/go-data-parser/data.go:161.38,163.2 1 1
github.com/albrow/go-data-parser/data.go:168.57,170.2 1 1
github.com/albrow/go-data-parser/data.go:173.46,175.2 1 0
github.com/albrow/go-data-parser/data.go:180.42,183.2 2 1
github.com/albrow/go-data-parser/data.go:188.43,191.2 2 1
github.com/albrow/go-data-parser/data.go:194.38,195.50 1 1
github.com/albrow/go-data-parser/data.go:198.2,199.50 2 1
github.com/albrow/go-data-parser/data.go:195.50,197.3 1 1
github.com/albrow/go-data-parser/data.go:199.50,201.3 1 0
github.com/albrow/go-data-parser/data.go:201.3,203.3 1 1
github.com/albrow/go-data-parser/data.go:207.44,208.50 1 1
github.com/albrow/go-data-parser/data.go:211.2,212.60 2 1
github.com/albrow/go-data-parser/data.go:208.50,210.3 1 1
github.com/albrow/go-data-parser/data.go:212.60,214.3 1 0
github.com/albrow/go-data-parser/data.go:214.3,216.3 1 1
github.com/albrow/go-data-parser/data.go:220.40,221.50 1 1
github.com/albrow/go-data-parser/data.go:224.2,225.55 2 1
github.com/albrow/go-data-parser/data.go:221.50,223.3 1 1
github.com/albrow/go-data-parser/data.go:225.55,227.3 1 0
github.com/albrow/go-data-parser/data.go:227.3,229.3 1 1
github.com/albrow/go-data-parser/data.go:233.43,235.2 1 1
github.com/albrow/go-data-parser/data.go:241.56,243.12 2 1
github.com/albrow/go-data-parser/data.go:243.12,245.3 1 0
github.com/albrow/go-data-parser/data.go:245.3,247.17 2 1
github.com/albrow/go-data-parser/data.go:250.3,250.30 1 1
github.com/albrow/go-data-parser/data.go:247.17,249.4 1 0
github.com/albrow/go-data-parser/data.go:255.66,256.50 1 1
github.com/albrow/go-data-parser/data.go:259.2,259.47 1 1
github.com/albrow/go-data-parser/data.go:256.50,258.3 1 1
github.com/albrow/go-data-parser/data.go:265.74,266.50 1 1
github.com/albrow/go-data-parser/data.go:269.2,270.68 2 1
github.com/albrow/go-data-parser/data.go:266.50,268.3 1 0
github.com/albrow/go-data-parser/data.go:270.68,272.3 1 0
github.com/albrow/go-data-parser/data.go:272.3,274.3 1 1
github.com/albrow/go-data-parser/data.go:280.67,281.50 1 1
github.com/albrow/go-data-parser/data.go:284.2,285.68 2 1
github.com/albrow/go-data-parser/data.go:281.50,283.3 1 0
github.com/albrow/go-data-parser/data.go:285.68,287.3 1 0
github.com/albrow/go-data-parser/data.go:287.3,289.3 1 1
github.com/albrow/go-data-parser/data.go:295.68,296.62 1 1
github.com/albrow/go-data-parser/data.go:299.2,299.12 1 1
github.com/albrow/go-data-parser/data.go:296.62,298.3 1 0
github.com/albrow/go-data-parser/data.go:303.38,307.2 1 1
github.com/albrow/go-data-parser/validator.go:32.67,35.2 2 1
github.com/albrow/go-data-parser/validator.go:40.67,43.2 2 1
github.com/albrow/go-data-parser/validator.go:48.74,55.2 3 1
github.com/albrow/go-data-parser/validator.go:59.38,61.2 1 1
github.com/albrow/go-data-parser/validator.go:65.41,67.31 2 1
github.com/albrow/go-data-parser/validator.go:70.2,70.13 1 1
github.com/albrow/go-data-parser/validator.go:67.31,69.3 1 1
github.com/albrow/go-data-parser/validator.go:75.39,77.31 2 1
github.com/albrow/go-data-parser/validator.go:80.2,80.15 1 1
github.com/albrow/go-data-parser/validator.go:77.31,79.3 1 1
github.com/albrow/go-data-parser/validator.go:87.52,89.31 2 0
github.com/albrow/go-data-parser/validator.go:96.2,96.15 1 0
github.com/albrow/go-data-parser/validator.go:89.31,90.42 1 0
github.com/albrow/go-data-parser/validator.go:90.42,92.4 1 0
github.com/albrow/go-data-parser/validator.go:92.4,94.4 1 0
github.com/albrow/go-data-parser/validator.go:102.61,103.48 1 1
github.com/albrow/go-data-parser/validator.go:103.48,105.3 1 1
github.com/albrow/go-data-parser/validator.go:105.3,107.3 1 1
github.com/albrow/go-data-parser/validator.go:110.70,113.2 2 1
github.com/albrow/go-data-parser/validator.go:119.75,122.27 3 1
github.com/albrow/go-data-parser/validator.go:122.27,124.3 1 1
github.com/albrow/go-data-parser/validator.go:124.3,126.3 1 1
github.com/albrow/go-data-parser/validator.go:129.83,132.2 2 1
github.com/albrow/go-data-parser/validator.go:138.75,141.27 3 1
github.com/albrow/go-data-parser/validator.go:141.27,143.3 1 1
github.com/albrow/go-data-parser/validator.go:143.3,145.3 1 1
github.com/albrow/go-data-parser/validator.go:148.83,151.2 2 1
github.com/albrow/go-data-parser/validator.go:158.83,159.64 1 1
github.com/albrow/go-data-parser/validator.go:159.64,161.3 1 1
github.com/albrow/go-data-parser/validator.go:161.3,163.3 1 1
github.com/albrow/go-data-parser/validator.go:166.91,169.2 2 1
github.com/albrow/go-data-parser/validator.go:173.75,176.18 3 1
github.com/albrow/go-data-parser/validator.go:176.18,178.3 1 1
github.com/albrow/go-data-parser/validator.go:178.3,180.3 1 1
github.com/albrow/go-data-parser/validator.go:183.83,188.2 2 1
github.com/albrow/go-data-parser/validator.go:192.81,193.43 1 1
github.com/albrow/go-data-parser/validator.go:193.43,195.3 1 1
github.com/albrow/go-data-parser/validator.go:195.3,197.3 1 1
github.com/albrow/go-data-parser/validator.go:202.64,205.2 2 1
github.com/albrow/go-data-parser/validator.go:207.67,210.2 2 1
github.com/albrow/go-data-parser/validator.go:214.61,215.59 1 1
github.com/albrow/go-data-parser/validator.go:215.59,217.3 1 1
github.com/albrow/go-data-parser/validator.go:217.3,219.3 1 1
github.com/albrow/go-data-parser/validator.go:224.63,225.69 1 1
github.com/albrow/go-data-parser/validator.go:225.69,228.3 1 1
github.com/albrow/go-data-parser/validator.go:228.3,230.3 1 1
github.com/albrow/go-data-parser/validator.go:235.62,236.64 1 1
github.com/albrow/go-data-parser/validator.go:236.64,239.3 1 1
github.com/albrow/go-data-parser/validator.go:239.3,241.3 1 1
github.com/albrow/go-data-parser/validator.go:244.78,246.47 2 1
github.com/albrow/go-data-parser/validator.go:249.2,250.31 2 1
github.com/albrow/go-data-parser/validator.go:246.47,248.3 1 1
github.com/albrow/go-data-parser/validator.go:256.76,258.2 1 1
github.com/albrow/go-data-parser/validator.go:263.83,265.2 1 1
github.com/albrow/go-data-parser/validator.go:270.73,272.2 1 1
github.com/albrow/go-data-parser/validator.go:277.80,279.2 1 1
github.com/albrow/go-data-parser/validator.go:283.68,285.2 1 1
github.com/albrow/go-data-parser/validator.go:287.75,289.2 1 1
github.com/albrow/go-data-parser/validator.go:291.65,293.2 1 1
github.com/albrow/go-data-parser/validator.go:295.72,297.2 1 1
github.com/albrow/go-data-parser/validator.go:299.122,300.76 1 1
github.com/albrow/go-data-parser/validator.go:300.76,303.3 1 0
github.com/albrow/go-data-parser/validator.go:303.3,304.34 1 1
github.com/albrow/go-data-parser/validator.go:304.34,306.4 1 1
github.com/albrow/go-data-parser/validator.go:306.4,308.4 1 1
